<?xml version="1.0" encoding="UTF-8" ?>
<testsuite tests="5" failures="0" name="service.UserServiceTest" time="0.009" errors="0" skipped="0">
  <properties>
[...]
</properties>
  <testcase classname="service.UserServiceTest" name="testaddMedicine" time="0.008"/>
  <testcase classname="service.UserServiceTest" name="testseeMedicine" time="0"/>
  <testcase classname="service.UserServiceTest" name="testDoRegistration" time="0.001"/>
  <testcase classname="service.UserServiceTest" name="testUpdatePassword" time="0"/>
  <testcase classname="service.UserServiceTest" name="testIsAutherozied" time="0"/>
</testsuite>